<?xml version="1.0" encoding="UTF-8"?>
<!-- Generated by org.testng.reporters.JUnitReportReporter -->
<testsuite hostname="Serjs-MacBook-Air.local" failures="0" tests="1" name="com.udemy.test.LoginTest" time="11.369" errors="0" timestamp="2020-05-30T04:43:02 EEST" skipped="0">
  <testcase classname="com.udemy.test.LoginTest" name="loginWithValidCredentials" time="11.369"/>
</testsuite> <!-- com.udemy.test.LoginTest -->
